[2021-04-09 11:08:34.835] [INFO ] [                 restartedMain] configureTasks-start.
[2021-04-09 11:08:34.841] [INFO ] [                 restartedMain] configureTasks-end...
[2021-04-09 11:09:02.009] [INFO ] [     its-scheduled-task-pool-1] OneMinuteJobSchedule :: start. its-scheduled-task-pool-1
[2021-04-09 11:09:02.011] [INFO ] [     its-scheduled-task-pool-1] OneMinuteJobSchedule :: ..end. its-scheduled-task-pool-1
[2021-04-09 11:10:02.010] [INFO ] [     its-scheduled-task-pool-1] OneMinuteJobSchedule :: start. its-scheduled-task-pool-1
[2021-04-09 11:10:02.011] [INFO ] [     its-scheduled-task-pool-1] OneMinuteJobSchedule :: ..end. its-scheduled-task-pool-1
[2021-04-09 11:11:02.014] [INFO ] [     its-scheduled-task-pool-2] OneMinuteJobSchedule :: start. its-scheduled-task-pool-2
[2021-04-09 11:11:02.024] [INFO ] [     its-scheduled-task-pool-2] OneMinuteJobSchedule :: ..end. its-scheduled-task-pool-2
[2021-04-09 11:12:02.003] [INFO ] [     its-scheduled-task-pool-1] OneMinuteJobSchedule :: start. its-scheduled-task-pool-1
[2021-04-09 11:12:02.004] [INFO ] [     its-scheduled-task-pool-1] OneMinuteJobSchedule :: ..end. its-scheduled-task-pool-1
[2021-04-09 11:13:02.008] [INFO ] [     its-scheduled-task-pool-3] OneMinuteJobSchedule :: start. its-scheduled-task-pool-3
[2021-04-09 11:13:02.009] [INFO ] [     its-scheduled-task-pool-3] OneMinuteJobSchedule :: ..end. its-scheduled-task-pool-3
[2021-04-09 11:14:02.014] [INFO ] [     its-scheduled-task-pool-3] OneMinuteJobSchedule :: start. its-scheduled-task-pool-3
[2021-04-09 11:14:02.015] [INFO ] [     its-scheduled-task-pool-3] OneMinuteJobSchedule :: ..end. its-scheduled-task-pool-3
[2021-04-09 11:15:02.010] [INFO ] [     its-scheduled-task-pool-3] OneMinuteJobSchedule :: start. its-scheduled-task-pool-3
[2021-04-09 11:15:02.011] [INFO ] [     its-scheduled-task-pool-3] OneMinuteJobSchedule :: ..end. its-scheduled-task-pool-3
[2021-04-09 11:16:02.007] [INFO ] [     its-scheduled-task-pool-3] OneMinuteJobSchedule :: start. its-scheduled-task-pool-3
[2021-04-09 11:16:02.008] [INFO ] [     its-scheduled-task-pool-3] OneMinuteJobSchedule :: ..end. its-scheduled-task-pool-3
[2021-04-09 11:17:02.002] [INFO ] [     its-scheduled-task-pool-3] OneMinuteJobSchedule :: start. its-scheduled-task-pool-3
[2021-04-09 11:17:02.003] [INFO ] [     its-scheduled-task-pool-3] OneMinuteJobSchedule :: ..end. its-scheduled-task-pool-3
[2021-04-09 11:18:02.001] [INFO ] [     its-scheduled-task-pool-3] OneMinuteJobSchedule :: start. its-scheduled-task-pool-3
[2021-04-09 11:18:02.002] [INFO ] [     its-scheduled-task-pool-3] OneMinuteJobSchedule :: ..end. its-scheduled-task-pool-3
[2021-04-09 11:19:02.010] [INFO ] [     its-scheduled-task-pool-3] OneMinuteJobSchedule :: start. its-scheduled-task-pool-3
[2021-04-09 11:19:02.011] [INFO ] [     its-scheduled-task-pool-3] OneMinuteJobSchedule :: ..end. its-scheduled-task-pool-3
[2021-04-09 11:20:02.008] [INFO ] [     its-scheduled-task-pool-3] OneMinuteJobSchedule :: start. its-scheduled-task-pool-3
[2021-04-09 11:20:02.010] [INFO ] [     its-scheduled-task-pool-3] OneMinuteJobSchedule :: ..end. its-scheduled-task-pool-3
[2021-04-09 11:21:02.013] [INFO ] [     its-scheduled-task-pool-3] OneMinuteJobSchedule :: start. its-scheduled-task-pool-3
[2021-04-09 11:21:02.014] [INFO ] [     its-scheduled-task-pool-3] OneMinuteJobSchedule :: ..end. its-scheduled-task-pool-3
[2021-04-09 11:22:02.002] [INFO ] [     its-scheduled-task-pool-3] OneMinuteJobSchedule :: start. its-scheduled-task-pool-3
[2021-04-09 11:22:02.003] [INFO ] [     its-scheduled-task-pool-3] OneMinuteJobSchedule :: ..end. its-scheduled-task-pool-3
[2021-04-09 11:23:02.006] [INFO ] [     its-scheduled-task-pool-3] OneMinuteJobSchedule :: start. its-scheduled-task-pool-3
[2021-04-09 11:23:02.007] [INFO ] [     its-scheduled-task-pool-3] OneMinuteJobSchedule :: ..end. its-scheduled-task-pool-3
[2021-04-09 11:24:02.005] [INFO ] [     its-scheduled-task-pool-3] OneMinuteJobSchedule :: start. its-scheduled-task-pool-3
[2021-04-09 11:24:02.006] [INFO ] [     its-scheduled-task-pool-3] OneMinuteJobSchedule :: ..end. its-scheduled-task-pool-3
[2021-04-09 11:25:02.003] [INFO ] [     its-scheduled-task-pool-3] OneMinuteJobSchedule :: start. its-scheduled-task-pool-3
[2021-04-09 11:25:02.004] [INFO ] [     its-scheduled-task-pool-3] OneMinuteJobSchedule :: ..end. its-scheduled-task-pool-3
[2021-04-09 11:26:02.005] [INFO ] [     its-scheduled-task-pool-3] OneMinuteJobSchedule :: start. its-scheduled-task-pool-3
[2021-04-09 11:26:02.006] [INFO ] [     its-scheduled-task-pool-3] OneMinuteJobSchedule :: ..end. its-scheduled-task-pool-3
[2021-04-09 11:27:02.010] [INFO ] [     its-scheduled-task-pool-3] OneMinuteJobSchedule :: start. its-scheduled-task-pool-3
[2021-04-09 11:27:02.011] [INFO ] [     its-scheduled-task-pool-3] OneMinuteJobSchedule :: ..end. its-scheduled-task-pool-3
[2021-04-09 11:28:02.009] [INFO ] [     its-scheduled-task-pool-3] OneMinuteJobSchedule :: start. its-scheduled-task-pool-3
[2021-04-09 11:28:02.010] [INFO ] [     its-scheduled-task-pool-3] OneMinuteJobSchedule :: ..end. its-scheduled-task-pool-3
[2021-04-09 11:29:02.002] [INFO ] [     its-scheduled-task-pool-3] OneMinuteJobSchedule :: start. its-scheduled-task-pool-3
[2021-04-09 11:29:02.003] [INFO ] [     its-scheduled-task-pool-3] OneMinuteJobSchedule :: ..end. its-scheduled-task-pool-3
[2021-04-09 11:30:02.007] [INFO ] [     its-scheduled-task-pool-3] OneMinuteJobSchedule :: start. its-scheduled-task-pool-3
[2021-04-09 11:30:02.008] [INFO ] [     its-scheduled-task-pool-3] OneMinuteJobSchedule :: ..end. its-scheduled-task-pool-3
[2021-04-09 11:31:02.015] [INFO ] [     its-scheduled-task-pool-3] OneMinuteJobSchedule :: start. its-scheduled-task-pool-3
[2021-04-09 11:31:02.016] [INFO ] [     its-scheduled-task-pool-3] OneMinuteJobSchedule :: ..end. its-scheduled-task-pool-3
[2021-04-09 11:32:02.015] [INFO ] [     its-scheduled-task-pool-3] OneMinuteJobSchedule :: start. its-scheduled-task-pool-3
[2021-04-09 11:32:02.016] [INFO ] [     its-scheduled-task-pool-3] OneMinuteJobSchedule :: ..end. its-scheduled-task-pool-3
[2021-04-09 11:33:02.004] [INFO ] [     its-scheduled-task-pool-3] OneMinuteJobSchedule :: start. its-scheduled-task-pool-3
[2021-04-09 11:33:02.005] [INFO ] [     its-scheduled-task-pool-3] OneMinuteJobSchedule :: ..end. its-scheduled-task-pool-3
[2021-04-09 11:34:02.014] [INFO ] [     its-scheduled-task-pool-3] OneMinuteJobSchedule :: start. its-scheduled-task-pool-3
[2021-04-09 11:34:02.015] [INFO ] [     its-scheduled-task-pool-3] OneMinuteJobSchedule :: ..end. its-scheduled-task-pool-3
[2021-04-09 11:35:02.004] [INFO ] [     its-scheduled-task-pool-3] OneMinuteJobSchedule :: start. its-scheduled-task-pool-3
[2021-04-09 11:35:02.005] [INFO ] [     its-scheduled-task-pool-3] OneMinuteJobSchedule :: ..end. its-scheduled-task-pool-3
[2021-04-09 11:36:02.007] [INFO ] [     its-scheduled-task-pool-3] OneMinuteJobSchedule :: start. its-scheduled-task-pool-3
[2021-04-09 11:36:02.008] [INFO ] [     its-scheduled-task-pool-3] OneMinuteJobSchedule :: ..end. its-scheduled-task-pool-3
[2021-04-09 11:37:02.006] [INFO ] [     its-scheduled-task-pool-3] OneMinuteJobSchedule :: start. its-scheduled-task-pool-3
[2021-04-09 11:37:02.007] [INFO ] [     its-scheduled-task-pool-3] OneMinuteJobSchedule :: ..end. its-scheduled-task-pool-3
[2021-04-09 11:38:02.002] [INFO ] [     its-scheduled-task-pool-3] OneMinuteJobSchedule :: start. its-scheduled-task-pool-3
[2021-04-09 11:38:02.003] [INFO ] [     its-scheduled-task-pool-3] OneMinuteJobSchedule :: ..end. its-scheduled-task-pool-3
[2021-04-09 11:39:02.012] [INFO ] [     its-scheduled-task-pool-3] OneMinuteJobSchedule :: start. its-scheduled-task-pool-3
[2021-04-09 11:39:02.013] [INFO ] [     its-scheduled-task-pool-3] OneMinuteJobSchedule :: ..end. its-scheduled-task-pool-3
[2021-04-09 11:40:02.006] [INFO ] [     its-scheduled-task-pool-3] OneMinuteJobSchedule :: start. its-scheduled-task-pool-3
[2021-04-09 11:40:02.007] [INFO ] [     its-scheduled-task-pool-3] OneMinuteJobSchedule :: ..end. its-scheduled-task-pool-3
[2021-04-09 11:41:02.006] [INFO ] [     its-scheduled-task-pool-3] OneMinuteJobSchedule :: start. its-scheduled-task-pool-3
[2021-04-09 11:41:02.007] [INFO ] [     its-scheduled-task-pool-3] OneMinuteJobSchedule :: ..end. its-scheduled-task-pool-3
[2021-04-09 11:42:25.211] [INFO ] [                 restartedMain] configureTasks-start.
[2021-04-09 11:42:25.214] [INFO ] [                 restartedMain] configureTasks-end...
[2021-04-09 11:43:02.012] [INFO ] [     its-scheduled-task-pool-1] OneMinuteJobSchedule :: start. its-scheduled-task-pool-1
[2021-04-09 11:43:02.013] [INFO ] [     its-scheduled-task-pool-1] OneMinuteJobSchedule :: ..end. its-scheduled-task-pool-1
[2021-04-09 11:44:02.012] [INFO ] [     its-scheduled-task-pool-1] OneMinuteJobSchedule :: start. its-scheduled-task-pool-1
[2021-04-09 11:44:02.013] [INFO ] [     its-scheduled-task-pool-1] OneMinuteJobSchedule :: ..end. its-scheduled-task-pool-1
[2021-04-09 11:45:02.003] [INFO ] [     its-scheduled-task-pool-2] OneMinuteJobSchedule :: start. its-scheduled-task-pool-2
[2021-04-09 11:45:02.004] [INFO ] [     its-scheduled-task-pool-2] OneMinuteJobSchedule :: ..end. its-scheduled-task-pool-2
[2021-04-09 11:46:02.008] [INFO ] [     its-scheduled-task-pool-1] OneMinuteJobSchedule :: start. its-scheduled-task-pool-1
[2021-04-09 11:46:02.009] [INFO ] [     its-scheduled-task-pool-1] OneMinuteJobSchedule :: ..end. its-scheduled-task-pool-1
[2021-04-09 11:47:02.002] [INFO ] [     its-scheduled-task-pool-3] OneMinuteJobSchedule :: start. its-scheduled-task-pool-3
[2021-04-09 11:47:02.003] [INFO ] [     its-scheduled-task-pool-3] OneMinuteJobSchedule :: ..end. its-scheduled-task-pool-3
[2021-04-09 11:48:02.010] [INFO ] [     its-scheduled-task-pool-3] OneMinuteJobSchedule :: start. its-scheduled-task-pool-3
[2021-04-09 11:48:02.011] [INFO ] [     its-scheduled-task-pool-3] OneMinuteJobSchedule :: ..end. its-scheduled-task-pool-3
[2021-04-09 11:49:02.009] [INFO ] [     its-scheduled-task-pool-3] OneMinuteJobSchedule :: start. its-scheduled-task-pool-3
[2021-04-09 11:49:02.010] [INFO ] [     its-scheduled-task-pool-3] OneMinuteJobSchedule :: ..end. its-scheduled-task-pool-3
[2021-04-09 11:50:02.011] [INFO ] [     its-scheduled-task-pool-3] OneMinuteJobSchedule :: start. its-scheduled-task-pool-3
[2021-04-09 11:50:02.012] [INFO ] [     its-scheduled-task-pool-3] OneMinuteJobSchedule :: ..end. its-scheduled-task-pool-3
[2021-04-09 11:51:02.011] [INFO ] [     its-scheduled-task-pool-3] OneMinuteJobSchedule :: start. its-scheduled-task-pool-3
[2021-04-09 11:51:02.012] [INFO ] [     its-scheduled-task-pool-3] OneMinuteJobSchedule :: ..end. its-scheduled-task-pool-3
[2021-04-09 11:52:02.007] [INFO ] [     its-scheduled-task-pool-3] OneMinuteJobSchedule :: start. its-scheduled-task-pool-3
[2021-04-09 11:52:02.008] [INFO ] [     its-scheduled-task-pool-3] OneMinuteJobSchedule :: ..end. its-scheduled-task-pool-3
[2021-04-09 11:53:02.011] [INFO ] [     its-scheduled-task-pool-3] OneMinuteJobSchedule :: start. its-scheduled-task-pool-3
[2021-04-09 11:53:02.012] [INFO ] [     its-scheduled-task-pool-3] OneMinuteJobSchedule :: ..end. its-scheduled-task-pool-3
[2021-04-09 11:54:02.013] [INFO ] [     its-scheduled-task-pool-3] OneMinuteJobSchedule :: start. its-scheduled-task-pool-3
[2021-04-09 11:54:02.014] [INFO ] [     its-scheduled-task-pool-3] OneMinuteJobSchedule :: ..end. its-scheduled-task-pool-3
[2021-04-09 11:55:02.000] [INFO ] [     its-scheduled-task-pool-3] OneMinuteJobSchedule :: start. its-scheduled-task-pool-3
[2021-04-09 11:55:02.001] [INFO ] [     its-scheduled-task-pool-3] OneMinuteJobSchedule :: ..end. its-scheduled-task-pool-3
[2021-04-09 11:56:02.014] [INFO ] [     its-scheduled-task-pool-3] OneMinuteJobSchedule :: start. its-scheduled-task-pool-3
[2021-04-09 11:56:02.015] [INFO ] [     its-scheduled-task-pool-3] OneMinuteJobSchedule :: ..end. its-scheduled-task-pool-3
[2021-04-09 11:57:02.014] [INFO ] [     its-scheduled-task-pool-3] OneMinuteJobSchedule :: start. its-scheduled-task-pool-3
[2021-04-09 11:57:02.015] [INFO ] [     its-scheduled-task-pool-3] OneMinuteJobSchedule :: ..end. its-scheduled-task-pool-3
[2021-04-09 11:58:02.000] [INFO ] [     its-scheduled-task-pool-3] OneMinuteJobSchedule :: start. its-scheduled-task-pool-3
[2021-04-09 11:58:02.001] [INFO ] [     its-scheduled-task-pool-3] OneMinuteJobSchedule :: ..end. its-scheduled-task-pool-3
[2021-04-09 11:59:02.002] [INFO ] [     its-scheduled-task-pool-3] OneMinuteJobSchedule :: start. its-scheduled-task-pool-3
[2021-04-09 11:59:02.003] [INFO ] [     its-scheduled-task-pool-3] OneMinuteJobSchedule :: ..end. its-scheduled-task-pool-3
[2021-04-09 12:00:02.006] [INFO ] [     its-scheduled-task-pool-3] OneMinuteJobSchedule :: start. its-scheduled-task-pool-3
[2021-04-09 12:00:02.007] [INFO ] [     its-scheduled-task-pool-3] OneMinuteJobSchedule :: ..end. its-scheduled-task-pool-3
[2021-04-09 12:01:02.011] [INFO ] [     its-scheduled-task-pool-3] OneMinuteJobSchedule :: start. its-scheduled-task-pool-3
[2021-04-09 12:01:02.012] [INFO ] [     its-scheduled-task-pool-3] OneMinuteJobSchedule :: ..end. its-scheduled-task-pool-3
[2021-04-09 12:02:02.003] [INFO ] [     its-scheduled-task-pool-3] OneMinuteJobSchedule :: start. its-scheduled-task-pool-3
[2021-04-09 12:02:02.004] [INFO ] [     its-scheduled-task-pool-3] OneMinuteJobSchedule :: ..end. its-scheduled-task-pool-3
[2021-04-09 12:03:02.003] [INFO ] [     its-scheduled-task-pool-3] OneMinuteJobSchedule :: start. its-scheduled-task-pool-3
[2021-04-09 12:03:02.004] [INFO ] [     its-scheduled-task-pool-3] OneMinuteJobSchedule :: ..end. its-scheduled-task-pool-3
[2021-04-09 12:04:02.008] [INFO ] [     its-scheduled-task-pool-3] OneMinuteJobSchedule :: start. its-scheduled-task-pool-3
[2021-04-09 12:04:02.009] [INFO ] [     its-scheduled-task-pool-3] OneMinuteJobSchedule :: ..end. its-scheduled-task-pool-3
[2021-04-09 12:05:02.008] [INFO ] [     its-scheduled-task-pool-3] OneMinuteJobSchedule :: start. its-scheduled-task-pool-3
[2021-04-09 12:05:02.009] [INFO ] [     its-scheduled-task-pool-3] OneMinuteJobSchedule :: ..end. its-scheduled-task-pool-3
[2021-04-09 12:06:02.005] [INFO ] [     its-scheduled-task-pool-3] OneMinuteJobSchedule :: start. its-scheduled-task-pool-3
[2021-04-09 12:06:02.006] [INFO ] [     its-scheduled-task-pool-3] OneMinuteJobSchedule :: ..end. its-scheduled-task-pool-3
[2021-04-09 12:07:02.013] [INFO ] [     its-scheduled-task-pool-3] OneMinuteJobSchedule :: start. its-scheduled-task-pool-3
[2021-04-09 12:07:02.014] [INFO ] [     its-scheduled-task-pool-3] OneMinuteJobSchedule :: ..end. its-scheduled-task-pool-3
[2021-04-09 12:08:02.005] [INFO ] [     its-scheduled-task-pool-3] OneMinuteJobSchedule :: start. its-scheduled-task-pool-3
[2021-04-09 12:08:02.006] [INFO ] [     its-scheduled-task-pool-3] OneMinuteJobSchedule :: ..end. its-scheduled-task-pool-3
[2021-04-09 12:09:02.006] [INFO ] [     its-scheduled-task-pool-3] OneMinuteJobSchedule :: start. its-scheduled-task-pool-3
[2021-04-09 12:09:02.007] [INFO ] [     its-scheduled-task-pool-3] OneMinuteJobSchedule :: ..end. its-scheduled-task-pool-3
[2021-04-09 12:10:02.003] [INFO ] [     its-scheduled-task-pool-3] OneMinuteJobSchedule :: start. its-scheduled-task-pool-3
[2021-04-09 12:10:02.004] [INFO ] [     its-scheduled-task-pool-3] OneMinuteJobSchedule :: ..end. its-scheduled-task-pool-3
[2021-04-09 12:11:02.011] [INFO ] [     its-scheduled-task-pool-5] OneMinuteJobSchedule :: start. its-scheduled-task-pool-5
[2021-04-09 12:11:02.012] [INFO ] [     its-scheduled-task-pool-5] OneMinuteJobSchedule :: ..end. its-scheduled-task-pool-5
[2021-04-09 12:12:02.015] [INFO ] [     its-scheduled-task-pool-5] OneMinuteJobSchedule :: start. its-scheduled-task-pool-5
[2021-04-09 12:12:02.016] [INFO ] [     its-scheduled-task-pool-5] OneMinuteJobSchedule :: ..end. its-scheduled-task-pool-5
[2021-04-09 12:13:02.014] [INFO ] [     its-scheduled-task-pool-5] OneMinuteJobSchedule :: start. its-scheduled-task-pool-5
[2021-04-09 12:13:02.015] [INFO ] [     its-scheduled-task-pool-5] OneMinuteJobSchedule :: ..end. its-scheduled-task-pool-5
[2021-04-09 12:14:02.006] [INFO ] [     its-scheduled-task-pool-5] OneMinuteJobSchedule :: start. its-scheduled-task-pool-5
[2021-04-09 12:14:02.007] [INFO ] [     its-scheduled-task-pool-5] OneMinuteJobSchedule :: ..end. its-scheduled-task-pool-5
[2021-04-09 12:15:02.007] [INFO ] [     its-scheduled-task-pool-3] OneMinuteJobSchedule :: start. its-scheduled-task-pool-3
[2021-04-09 12:15:02.008] [INFO ] [     its-scheduled-task-pool-3] OneMinuteJobSchedule :: ..end. its-scheduled-task-pool-3
[2021-04-09 12:16:02.011] [INFO ] [     its-scheduled-task-pool-3] OneMinuteJobSchedule :: start. its-scheduled-task-pool-3
[2021-04-09 12:16:02.012] [INFO ] [     its-scheduled-task-pool-3] OneMinuteJobSchedule :: ..end. its-scheduled-task-pool-3
[2021-04-09 12:17:02.014] [INFO ] [     its-scheduled-task-pool-3] OneMinuteJobSchedule :: start. its-scheduled-task-pool-3
[2021-04-09 12:17:02.015] [INFO ] [     its-scheduled-task-pool-3] OneMinuteJobSchedule :: ..end. its-scheduled-task-pool-3
[2021-04-09 12:18:02.015] [INFO ] [     its-scheduled-task-pool-3] OneMinuteJobSchedule :: start. its-scheduled-task-pool-3
[2021-04-09 12:18:02.016] [INFO ] [     its-scheduled-task-pool-3] OneMinuteJobSchedule :: ..end. its-scheduled-task-pool-3
[2021-04-09 12:19:02.004] [INFO ] [     its-scheduled-task-pool-3] OneMinuteJobSchedule :: start. its-scheduled-task-pool-3
[2021-04-09 12:19:02.005] [INFO ] [     its-scheduled-task-pool-3] OneMinuteJobSchedule :: ..end. its-scheduled-task-pool-3
[2021-04-09 12:20:02.004] [INFO ] [     its-scheduled-task-pool-3] OneMinuteJobSchedule :: start. its-scheduled-task-pool-3
[2021-04-09 12:20:02.005] [INFO ] [     its-scheduled-task-pool-3] OneMinuteJobSchedule :: ..end. its-scheduled-task-pool-3
[2021-04-09 12:21:02.005] [INFO ] [     its-scheduled-task-pool-3] OneMinuteJobSchedule :: start. its-scheduled-task-pool-3
[2021-04-09 12:21:02.006] [INFO ] [     its-scheduled-task-pool-3] OneMinuteJobSchedule :: ..end. its-scheduled-task-pool-3
[2021-04-09 12:22:02.010] [INFO ] [     its-scheduled-task-pool-3] OneMinuteJobSchedule :: start. its-scheduled-task-pool-3
[2021-04-09 12:22:02.011] [INFO ] [     its-scheduled-task-pool-3] OneMinuteJobSchedule :: ..end. its-scheduled-task-pool-3
[2021-04-09 12:23:02.014] [INFO ] [     its-scheduled-task-pool-3] OneMinuteJobSchedule :: start. its-scheduled-task-pool-3
[2021-04-09 12:23:02.015] [INFO ] [     its-scheduled-task-pool-3] OneMinuteJobSchedule :: ..end. its-scheduled-task-pool-3
[2021-04-09 12:24:02.006] [INFO ] [     its-scheduled-task-pool-3] OneMinuteJobSchedule :: start. its-scheduled-task-pool-3
[2021-04-09 12:24:02.007] [INFO ] [     its-scheduled-task-pool-3] OneMinuteJobSchedule :: ..end. its-scheduled-task-pool-3
[2021-04-09 12:25:02.015] [INFO ] [     its-scheduled-task-pool-3] OneMinuteJobSchedule :: start. its-scheduled-task-pool-3
[2021-04-09 12:25:02.016] [INFO ] [     its-scheduled-task-pool-3] OneMinuteJobSchedule :: ..end. its-scheduled-task-pool-3
[2021-04-09 12:26:02.008] [INFO ] [     its-scheduled-task-pool-3] OneMinuteJobSchedule :: start. its-scheduled-task-pool-3
[2021-04-09 12:26:02.009] [INFO ] [     its-scheduled-task-pool-3] OneMinuteJobSchedule :: ..end. its-scheduled-task-pool-3
[2021-04-09 12:27:02.009] [INFO ] [     its-scheduled-task-pool-3] OneMinuteJobSchedule :: start. its-scheduled-task-pool-3
[2021-04-09 12:27:02.010] [INFO ] [     its-scheduled-task-pool-3] OneMinuteJobSchedule :: ..end. its-scheduled-task-pool-3
[2021-04-09 12:28:02.006] [INFO ] [     its-scheduled-task-pool-3] OneMinuteJobSchedule :: start. its-scheduled-task-pool-3
[2021-04-09 12:28:02.007] [INFO ] [     its-scheduled-task-pool-3] OneMinuteJobSchedule :: ..end. its-scheduled-task-pool-3
[2021-04-09 12:29:02.008] [INFO ] [     its-scheduled-task-pool-3] OneMinuteJobSchedule :: start. its-scheduled-task-pool-3
[2021-04-09 12:29:02.009] [INFO ] [     its-scheduled-task-pool-3] OneMinuteJobSchedule :: ..end. its-scheduled-task-pool-3
[2021-04-09 12:30:02.005] [INFO ] [     its-scheduled-task-pool-3] OneMinuteJobSchedule :: start. its-scheduled-task-pool-3
[2021-04-09 12:30:02.006] [INFO ] [     its-scheduled-task-pool-3] OneMinuteJobSchedule :: ..end. its-scheduled-task-pool-3
[2021-04-09 12:31:02.000] [INFO ] [     its-scheduled-task-pool-3] OneMinuteJobSchedule :: start. its-scheduled-task-pool-3
[2021-04-09 12:31:02.001] [INFO ] [     its-scheduled-task-pool-3] OneMinuteJobSchedule :: ..end. its-scheduled-task-pool-3
[2021-04-09 12:32:02.007] [INFO ] [     its-scheduled-task-pool-3] OneMinuteJobSchedule :: start. its-scheduled-task-pool-3
[2021-04-09 12:32:02.008] [INFO ] [     its-scheduled-task-pool-3] OneMinuteJobSchedule :: ..end. its-scheduled-task-pool-3
[2021-04-09 12:33:02.004] [INFO ] [     its-scheduled-task-pool-3] OneMinuteJobSchedule :: start. its-scheduled-task-pool-3
[2021-04-09 12:33:02.006] [INFO ] [     its-scheduled-task-pool-3] OneMinuteJobSchedule :: ..end. its-scheduled-task-pool-3
[2021-04-09 12:34:02.002] [INFO ] [     its-scheduled-task-pool-3] OneMinuteJobSchedule :: start. its-scheduled-task-pool-3
[2021-04-09 12:34:02.003] [INFO ] [     its-scheduled-task-pool-3] OneMinuteJobSchedule :: ..end. its-scheduled-task-pool-3
[2021-04-09 12:35:02.002] [INFO ] [     its-scheduled-task-pool-3] OneMinuteJobSchedule :: start. its-scheduled-task-pool-3
[2021-04-09 12:35:02.003] [INFO ] [     its-scheduled-task-pool-3] OneMinuteJobSchedule :: ..end. its-scheduled-task-pool-3
[2021-04-09 12:36:02.006] [INFO ] [     its-scheduled-task-pool-3] OneMinuteJobSchedule :: start. its-scheduled-task-pool-3
[2021-04-09 12:36:02.007] [INFO ] [     its-scheduled-task-pool-3] OneMinuteJobSchedule :: ..end. its-scheduled-task-pool-3
[2021-04-09 12:37:02.010] [INFO ] [     its-scheduled-task-pool-3] OneMinuteJobSchedule :: start. its-scheduled-task-pool-3
[2021-04-09 12:37:02.011] [INFO ] [     its-scheduled-task-pool-3] OneMinuteJobSchedule :: ..end. its-scheduled-task-pool-3
[2021-04-09 12:38:02.004] [INFO ] [     its-scheduled-task-pool-3] OneMinuteJobSchedule :: start. its-scheduled-task-pool-3
[2021-04-09 12:38:02.005] [INFO ] [     its-scheduled-task-pool-3] OneMinuteJobSchedule :: ..end. its-scheduled-task-pool-3
[2021-04-09 12:39:02.014] [INFO ] [     its-scheduled-task-pool-3] OneMinuteJobSchedule :: start. its-scheduled-task-pool-3
[2021-04-09 12:39:02.015] [INFO ] [     its-scheduled-task-pool-3] OneMinuteJobSchedule :: ..end. its-scheduled-task-pool-3
[2021-04-09 12:40:02.011] [INFO ] [     its-scheduled-task-pool-3] OneMinuteJobSchedule :: start. its-scheduled-task-pool-3
[2021-04-09 12:40:02.012] [INFO ] [     its-scheduled-task-pool-3] OneMinuteJobSchedule :: ..end. its-scheduled-task-pool-3
[2021-04-09 12:41:02.002] [INFO ] [     its-scheduled-task-pool-3] OneMinuteJobSchedule :: start. its-scheduled-task-pool-3
[2021-04-09 12:41:02.003] [INFO ] [     its-scheduled-task-pool-3] OneMinuteJobSchedule :: ..end. its-scheduled-task-pool-3
[2021-04-09 12:42:02.005] [INFO ] [     its-scheduled-task-pool-3] OneMinuteJobSchedule :: start. its-scheduled-task-pool-3
[2021-04-09 12:42:02.006] [INFO ] [     its-scheduled-task-pool-3] OneMinuteJobSchedule :: ..end. its-scheduled-task-pool-3
[2021-04-09 12:43:02.002] [INFO ] [     its-scheduled-task-pool-3] OneMinuteJobSchedule :: start. its-scheduled-task-pool-3
[2021-04-09 12:43:02.003] [INFO ] [     its-scheduled-task-pool-3] OneMinuteJobSchedule :: ..end. its-scheduled-task-pool-3
[2021-04-09 12:44:02.001] [INFO ] [     its-scheduled-task-pool-3] OneMinuteJobSchedule :: start. its-scheduled-task-pool-3
[2021-04-09 12:44:02.003] [INFO ] [     its-scheduled-task-pool-3] OneMinuteJobSchedule :: ..end. its-scheduled-task-pool-3
[2021-04-09 12:45:02.002] [INFO ] [     its-scheduled-task-pool-3] OneMinuteJobSchedule :: start. its-scheduled-task-pool-3
[2021-04-09 12:45:02.003] [INFO ] [     its-scheduled-task-pool-3] OneMinuteJobSchedule :: ..end. its-scheduled-task-pool-3
[2021-04-09 12:46:02.003] [INFO ] [     its-scheduled-task-pool-3] OneMinuteJobSchedule :: start. its-scheduled-task-pool-3
[2021-04-09 12:46:02.004] [INFO ] [     its-scheduled-task-pool-3] OneMinuteJobSchedule :: ..end. its-scheduled-task-pool-3
[2021-04-09 12:47:02.006] [INFO ] [     its-scheduled-task-pool-3] OneMinuteJobSchedule :: start. its-scheduled-task-pool-3
[2021-04-09 12:47:02.007] [INFO ] [     its-scheduled-task-pool-3] OneMinuteJobSchedule :: ..end. its-scheduled-task-pool-3
[2021-04-09 12:48:02.003] [INFO ] [     its-scheduled-task-pool-3] OneMinuteJobSchedule :: start. its-scheduled-task-pool-3
[2021-04-09 12:48:02.005] [INFO ] [     its-scheduled-task-pool-3] OneMinuteJobSchedule :: ..end. its-scheduled-task-pool-3
[2021-04-09 12:49:02.007] [INFO ] [     its-scheduled-task-pool-3] OneMinuteJobSchedule :: start. its-scheduled-task-pool-3
[2021-04-09 12:49:02.008] [INFO ] [     its-scheduled-task-pool-3] OneMinuteJobSchedule :: ..end. its-scheduled-task-pool-3
[2021-04-09 12:50:02.012] [INFO ] [     its-scheduled-task-pool-3] OneMinuteJobSchedule :: start. its-scheduled-task-pool-3
[2021-04-09 12:50:02.013] [INFO ] [     its-scheduled-task-pool-3] OneMinuteJobSchedule :: ..end. its-scheduled-task-pool-3
[2021-04-09 12:51:02.015] [INFO ] [     its-scheduled-task-pool-3] OneMinuteJobSchedule :: start. its-scheduled-task-pool-3
[2021-04-09 12:51:02.016] [INFO ] [     its-scheduled-task-pool-3] OneMinuteJobSchedule :: ..end. its-scheduled-task-pool-3
[2021-04-09 12:52:02.013] [INFO ] [     its-scheduled-task-pool-3] OneMinuteJobSchedule :: start. its-scheduled-task-pool-3
[2021-04-09 12:52:02.014] [INFO ] [     its-scheduled-task-pool-3] OneMinuteJobSchedule :: ..end. its-scheduled-task-pool-3
[2021-04-09 12:53:02.009] [INFO ] [     its-scheduled-task-pool-3] OneMinuteJobSchedule :: start. its-scheduled-task-pool-3
[2021-04-09 12:53:02.010] [INFO ] [     its-scheduled-task-pool-3] OneMinuteJobSchedule :: ..end. its-scheduled-task-pool-3
[2021-04-09 12:54:02.011] [INFO ] [     its-scheduled-task-pool-1] OneMinuteJobSchedule :: start. its-scheduled-task-pool-1
[2021-04-09 12:54:02.012] [INFO ] [     its-scheduled-task-pool-1] OneMinuteJobSchedule :: ..end. its-scheduled-task-pool-1
[2021-04-09 12:55:02.007] [INFO ] [     its-scheduled-task-pool-1] OneMinuteJobSchedule :: start. its-scheduled-task-pool-1
[2021-04-09 12:55:02.008] [INFO ] [     its-scheduled-task-pool-1] OneMinuteJobSchedule :: ..end. its-scheduled-task-pool-1
[2021-04-09 12:56:02.009] [INFO ] [     its-scheduled-task-pool-1] OneMinuteJobSchedule :: start. its-scheduled-task-pool-1
[2021-04-09 12:56:02.010] [INFO ] [     its-scheduled-task-pool-1] OneMinuteJobSchedule :: ..end. its-scheduled-task-pool-1
[2021-04-09 12:57:02.002] [INFO ] [     its-scheduled-task-pool-1] OneMinuteJobSchedule :: start. its-scheduled-task-pool-1
[2021-04-09 12:57:02.003] [INFO ] [     its-scheduled-task-pool-1] OneMinuteJobSchedule :: ..end. its-scheduled-task-pool-1
[2021-04-09 12:58:02.013] [INFO ] [     its-scheduled-task-pool-1] OneMinuteJobSchedule :: start. its-scheduled-task-pool-1
[2021-04-09 12:58:02.014] [INFO ] [     its-scheduled-task-pool-1] OneMinuteJobSchedule :: ..end. its-scheduled-task-pool-1
[2021-04-09 12:59:02.014] [INFO ] [     its-scheduled-task-pool-1] OneMinuteJobSchedule :: start. its-scheduled-task-pool-1
[2021-04-09 12:59:02.015] [INFO ] [     its-scheduled-task-pool-1] OneMinuteJobSchedule :: ..end. its-scheduled-task-pool-1
[2021-04-09 13:00:02.012] [INFO ] [     its-scheduled-task-pool-1] OneMinuteJobSchedule :: start. its-scheduled-task-pool-1
[2021-04-09 13:00:02.013] [INFO ] [     its-scheduled-task-pool-1] OneMinuteJobSchedule :: ..end. its-scheduled-task-pool-1
[2021-04-09 13:01:02.000] [INFO ] [     its-scheduled-task-pool-4] OneMinuteJobSchedule :: start. its-scheduled-task-pool-4
[2021-04-09 13:01:02.001] [INFO ] [     its-scheduled-task-pool-4] OneMinuteJobSchedule :: ..end. its-scheduled-task-pool-4
[2021-04-09 13:02:02.005] [INFO ] [     its-scheduled-task-pool-4] OneMinuteJobSchedule :: start. its-scheduled-task-pool-4
[2021-04-09 13:02:02.006] [INFO ] [     its-scheduled-task-pool-4] OneMinuteJobSchedule :: ..end. its-scheduled-task-pool-4
[2021-04-09 13:03:02.015] [INFO ] [     its-scheduled-task-pool-4] OneMinuteJobSchedule :: start. its-scheduled-task-pool-4
[2021-04-09 13:03:02.016] [INFO ] [     its-scheduled-task-pool-4] OneMinuteJobSchedule :: ..end. its-scheduled-task-pool-4
[2021-04-09 13:04:02.009] [INFO ] [     its-scheduled-task-pool-4] OneMinuteJobSchedule :: start. its-scheduled-task-pool-4
[2021-04-09 13:04:02.010] [INFO ] [     its-scheduled-task-pool-4] OneMinuteJobSchedule :: ..end. its-scheduled-task-pool-4
[2021-04-09 13:05:02.001] [INFO ] [     its-scheduled-task-pool-4] OneMinuteJobSchedule :: start. its-scheduled-task-pool-4
[2021-04-09 13:05:02.002] [INFO ] [     its-scheduled-task-pool-4] OneMinuteJobSchedule :: ..end. its-scheduled-task-pool-4
[2021-04-09 13:06:02.004] [INFO ] [     its-scheduled-task-pool-4] OneMinuteJobSchedule :: start. its-scheduled-task-pool-4
[2021-04-09 13:06:02.005] [INFO ] [     its-scheduled-task-pool-4] OneMinuteJobSchedule :: ..end. its-scheduled-task-pool-4
[2021-04-09 13:07:02.005] [INFO ] [     its-scheduled-task-pool-4] OneMinuteJobSchedule :: start. its-scheduled-task-pool-4
[2021-04-09 13:07:02.006] [INFO ] [     its-scheduled-task-pool-4] OneMinuteJobSchedule :: ..end. its-scheduled-task-pool-4
[2021-04-09 13:08:02.004] [INFO ] [     its-scheduled-task-pool-4] OneMinuteJobSchedule :: start. its-scheduled-task-pool-4
[2021-04-09 13:08:02.005] [INFO ] [     its-scheduled-task-pool-4] OneMinuteJobSchedule :: ..end. its-scheduled-task-pool-4
[2021-04-09 13:09:02.014] [INFO ] [     its-scheduled-task-pool-4] OneMinuteJobSchedule :: start. its-scheduled-task-pool-4
[2021-04-09 13:09:02.015] [INFO ] [     its-scheduled-task-pool-4] OneMinuteJobSchedule :: ..end. its-scheduled-task-pool-4
[2021-04-09 13:10:02.000] [INFO ] [     its-scheduled-task-pool-4] OneMinuteJobSchedule :: start. its-scheduled-task-pool-4
[2021-04-09 13:10:02.001] [INFO ] [     its-scheduled-task-pool-4] OneMinuteJobSchedule :: ..end. its-scheduled-task-pool-4
[2021-04-09 13:11:02.005] [INFO ] [     its-scheduled-task-pool-4] OneMinuteJobSchedule :: start. its-scheduled-task-pool-4
[2021-04-09 13:11:02.006] [INFO ] [     its-scheduled-task-pool-4] OneMinuteJobSchedule :: ..end. its-scheduled-task-pool-4
[2021-04-09 13:12:02.012] [INFO ] [     its-scheduled-task-pool-4] OneMinuteJobSchedule :: start. its-scheduled-task-pool-4
[2021-04-09 13:12:02.013] [INFO ] [     its-scheduled-task-pool-4] OneMinuteJobSchedule :: ..end. its-scheduled-task-pool-4
[2021-04-09 13:13:02.003] [INFO ] [     its-scheduled-task-pool-4] OneMinuteJobSchedule :: start. its-scheduled-task-pool-4
[2021-04-09 13:13:02.004] [INFO ] [     its-scheduled-task-pool-4] OneMinuteJobSchedule :: ..end. its-scheduled-task-pool-4
[2021-04-09 13:14:02.003] [INFO ] [     its-scheduled-task-pool-4] OneMinuteJobSchedule :: start. its-scheduled-task-pool-4
[2021-04-09 13:14:02.004] [INFO ] [     its-scheduled-task-pool-4] OneMinuteJobSchedule :: ..end. its-scheduled-task-pool-4
[2021-04-09 13:15:02.006] [INFO ] [     its-scheduled-task-pool-4] OneMinuteJobSchedule :: start. its-scheduled-task-pool-4
[2021-04-09 13:15:02.007] [INFO ] [     its-scheduled-task-pool-4] OneMinuteJobSchedule :: ..end. its-scheduled-task-pool-4
[2021-04-09 13:16:02.010] [INFO ] [     its-scheduled-task-pool-4] OneMinuteJobSchedule :: start. its-scheduled-task-pool-4
[2021-04-09 13:16:02.011] [INFO ] [     its-scheduled-task-pool-4] OneMinuteJobSchedule :: ..end. its-scheduled-task-pool-4
[2021-04-09 13:17:02.004] [INFO ] [     its-scheduled-task-pool-4] OneMinuteJobSchedule :: start. its-scheduled-task-pool-4
[2021-04-09 13:17:02.005] [INFO ] [     its-scheduled-task-pool-4] OneMinuteJobSchedule :: ..end. its-scheduled-task-pool-4
[2021-04-09 13:18:02.010] [INFO ] [     its-scheduled-task-pool-4] OneMinuteJobSchedule :: start. its-scheduled-task-pool-4
[2021-04-09 13:18:02.011] [INFO ] [     its-scheduled-task-pool-4] OneMinuteJobSchedule :: ..end. its-scheduled-task-pool-4
[2021-04-09 13:19:02.013] [INFO ] [     its-scheduled-task-pool-4] OneMinuteJobSchedule :: start. its-scheduled-task-pool-4
[2021-04-09 13:19:02.014] [INFO ] [     its-scheduled-task-pool-4] OneMinuteJobSchedule :: ..end. its-scheduled-task-pool-4
[2021-04-09 13:20:02.013] [INFO ] [     its-scheduled-task-pool-4] OneMinuteJobSchedule :: start. its-scheduled-task-pool-4
[2021-04-09 13:20:02.014] [INFO ] [     its-scheduled-task-pool-4] OneMinuteJobSchedule :: ..end. its-scheduled-task-pool-4
[2021-04-09 13:21:02.004] [INFO ] [     its-scheduled-task-pool-4] OneMinuteJobSchedule :: start. its-scheduled-task-pool-4
[2021-04-09 13:21:02.005] [INFO ] [     its-scheduled-task-pool-4] OneMinuteJobSchedule :: ..end. its-scheduled-task-pool-4
[2021-04-09 13:22:02.002] [INFO ] [     its-scheduled-task-pool-4] OneMinuteJobSchedule :: start. its-scheduled-task-pool-4
[2021-04-09 13:22:02.003] [INFO ] [     its-scheduled-task-pool-4] OneMinuteJobSchedule :: ..end. its-scheduled-task-pool-4
[2021-04-09 13:23:02.007] [INFO ] [     its-scheduled-task-pool-4] OneMinuteJobSchedule :: start. its-scheduled-task-pool-4
[2021-04-09 13:23:02.008] [INFO ] [     its-scheduled-task-pool-4] OneMinuteJobSchedule :: ..end. its-scheduled-task-pool-4
[2021-04-09 13:24:02.005] [INFO ] [     its-scheduled-task-pool-4] OneMinuteJobSchedule :: start. its-scheduled-task-pool-4
[2021-04-09 13:24:02.006] [INFO ] [     its-scheduled-task-pool-4] OneMinuteJobSchedule :: ..end. its-scheduled-task-pool-4
[2021-04-09 13:25:02.008] [INFO ] [     its-scheduled-task-pool-4] OneMinuteJobSchedule :: start. its-scheduled-task-pool-4
[2021-04-09 13:25:02.009] [INFO ] [     its-scheduled-task-pool-4] OneMinuteJobSchedule :: ..end. its-scheduled-task-pool-4
[2021-04-09 13:26:02.012] [INFO ] [     its-scheduled-task-pool-4] OneMinuteJobSchedule :: start. its-scheduled-task-pool-4
[2021-04-09 13:26:02.013] [INFO ] [     its-scheduled-task-pool-4] OneMinuteJobSchedule :: ..end. its-scheduled-task-pool-4
[2021-04-09 13:27:02.011] [INFO ] [     its-scheduled-task-pool-4] OneMinuteJobSchedule :: start. its-scheduled-task-pool-4
[2021-04-09 13:27:02.012] [INFO ] [     its-scheduled-task-pool-4] OneMinuteJobSchedule :: ..end. its-scheduled-task-pool-4
[2021-04-09 13:28:02.013] [INFO ] [     its-scheduled-task-pool-4] OneMinuteJobSchedule :: start. its-scheduled-task-pool-4
[2021-04-09 13:28:02.014] [INFO ] [     its-scheduled-task-pool-4] OneMinuteJobSchedule :: ..end. its-scheduled-task-pool-4
[2021-04-09 13:29:02.015] [INFO ] [     its-scheduled-task-pool-4] OneMinuteJobSchedule :: start. its-scheduled-task-pool-4
[2021-04-09 13:29:02.016] [INFO ] [     its-scheduled-task-pool-4] OneMinuteJobSchedule :: ..end. its-scheduled-task-pool-4
[2021-04-09 13:30:02.014] [INFO ] [     its-scheduled-task-pool-4] OneMinuteJobSchedule :: start. its-scheduled-task-pool-4
[2021-04-09 13:30:02.015] [INFO ] [     its-scheduled-task-pool-4] OneMinuteJobSchedule :: ..end. its-scheduled-task-pool-4
[2021-04-09 13:31:02.015] [INFO ] [     its-scheduled-task-pool-4] OneMinuteJobSchedule :: start. its-scheduled-task-pool-4
[2021-04-09 13:31:02.015] [INFO ] [     its-scheduled-task-pool-4] OneMinuteJobSchedule :: ..end. its-scheduled-task-pool-4
[2021-04-09 13:32:02.002] [INFO ] [     its-scheduled-task-pool-4] OneMinuteJobSchedule :: start. its-scheduled-task-pool-4
[2021-04-09 13:32:02.003] [INFO ] [     its-scheduled-task-pool-4] OneMinuteJobSchedule :: ..end. its-scheduled-task-pool-4
[2021-04-09 13:33:02.004] [INFO ] [     its-scheduled-task-pool-4] OneMinuteJobSchedule :: start. its-scheduled-task-pool-4
[2021-04-09 13:33:02.005] [INFO ] [     its-scheduled-task-pool-4] OneMinuteJobSchedule :: ..end. its-scheduled-task-pool-4
[2021-04-09 13:34:02.006] [INFO ] [     its-scheduled-task-pool-4] OneMinuteJobSchedule :: start. its-scheduled-task-pool-4
[2021-04-09 13:34:02.007] [INFO ] [     its-scheduled-task-pool-4] OneMinuteJobSchedule :: ..end. its-scheduled-task-pool-4
[2021-04-09 13:35:02.010] [INFO ] [     its-scheduled-task-pool-4] OneMinuteJobSchedule :: start. its-scheduled-task-pool-4
[2021-04-09 13:35:02.011] [INFO ] [     its-scheduled-task-pool-4] OneMinuteJobSchedule :: ..end. its-scheduled-task-pool-4
[2021-04-09 13:36:02.000] [INFO ] [     its-scheduled-task-pool-4] OneMinuteJobSchedule :: start. its-scheduled-task-pool-4
[2021-04-09 13:36:02.001] [INFO ] [     its-scheduled-task-pool-4] OneMinuteJobSchedule :: ..end. its-scheduled-task-pool-4
[2021-04-09 13:37:02.009] [INFO ] [     its-scheduled-task-pool-4] OneMinuteJobSchedule :: start. its-scheduled-task-pool-4
[2021-04-09 13:37:02.010] [INFO ] [     its-scheduled-task-pool-4] OneMinuteJobSchedule :: ..end. its-scheduled-task-pool-4
[2021-04-09 13:38:02.001] [INFO ] [     its-scheduled-task-pool-4] OneMinuteJobSchedule :: start. its-scheduled-task-pool-4
[2021-04-09 13:38:02.002] [INFO ] [     its-scheduled-task-pool-4] OneMinuteJobSchedule :: ..end. its-scheduled-task-pool-4
[2021-04-09 13:39:02.004] [INFO ] [     its-scheduled-task-pool-4] OneMinuteJobSchedule :: start. its-scheduled-task-pool-4
[2021-04-09 13:39:02.005] [INFO ] [     its-scheduled-task-pool-4] OneMinuteJobSchedule :: ..end. its-scheduled-task-pool-4
[2021-04-09 13:40:02.007] [INFO ] [     its-scheduled-task-pool-4] OneMinuteJobSchedule :: start. its-scheduled-task-pool-4
[2021-04-09 13:40:02.008] [INFO ] [     its-scheduled-task-pool-4] OneMinuteJobSchedule :: ..end. its-scheduled-task-pool-4
[2021-04-09 13:41:02.005] [INFO ] [     its-scheduled-task-pool-4] OneMinuteJobSchedule :: start. its-scheduled-task-pool-4
[2021-04-09 13:41:02.007] [INFO ] [     its-scheduled-task-pool-4] OneMinuteJobSchedule :: ..end. its-scheduled-task-pool-4
[2021-04-09 13:42:02.014] [INFO ] [     its-scheduled-task-pool-4] OneMinuteJobSchedule :: start. its-scheduled-task-pool-4
[2021-04-09 13:42:02.015] [INFO ] [     its-scheduled-task-pool-4] OneMinuteJobSchedule :: ..end. its-scheduled-task-pool-4
[2021-04-09 13:43:02.005] [INFO ] [     its-scheduled-task-pool-4] OneMinuteJobSchedule :: start. its-scheduled-task-pool-4
[2021-04-09 13:43:02.006] [INFO ] [     its-scheduled-task-pool-4] OneMinuteJobSchedule :: ..end. its-scheduled-task-pool-4
[2021-04-09 13:44:02.002] [INFO ] [     its-scheduled-task-pool-4] OneMinuteJobSchedule :: start. its-scheduled-task-pool-4
[2021-04-09 13:44:02.003] [INFO ] [     its-scheduled-task-pool-4] OneMinuteJobSchedule :: ..end. its-scheduled-task-pool-4
[2021-04-09 13:45:02.012] [INFO ] [     its-scheduled-task-pool-4] OneMinuteJobSchedule :: start. its-scheduled-task-pool-4
[2021-04-09 13:45:02.013] [INFO ] [     its-scheduled-task-pool-4] OneMinuteJobSchedule :: ..end. its-scheduled-task-pool-4
[2021-04-09 13:46:02.001] [INFO ] [     its-scheduled-task-pool-4] OneMinuteJobSchedule :: start. its-scheduled-task-pool-4
[2021-04-09 13:46:02.002] [INFO ] [     its-scheduled-task-pool-4] OneMinuteJobSchedule :: ..end. its-scheduled-task-pool-4
[2021-04-09 13:47:02.009] [INFO ] [     its-scheduled-task-pool-4] OneMinuteJobSchedule :: start. its-scheduled-task-pool-4
[2021-04-09 13:47:02.010] [INFO ] [     its-scheduled-task-pool-4] OneMinuteJobSchedule :: ..end. its-scheduled-task-pool-4
[2021-04-09 13:48:02.008] [INFO ] [     its-scheduled-task-pool-4] OneMinuteJobSchedule :: start. its-scheduled-task-pool-4
[2021-04-09 13:48:02.009] [INFO ] [     its-scheduled-task-pool-4] OneMinuteJobSchedule :: ..end. its-scheduled-task-pool-4
[2021-04-09 13:49:02.007] [INFO ] [     its-scheduled-task-pool-4] OneMinuteJobSchedule :: start. its-scheduled-task-pool-4
[2021-04-09 13:49:02.008] [INFO ] [     its-scheduled-task-pool-4] OneMinuteJobSchedule :: ..end. its-scheduled-task-pool-4
[2021-04-09 13:50:02.006] [INFO ] [     its-scheduled-task-pool-4] OneMinuteJobSchedule :: start. its-scheduled-task-pool-4
[2021-04-09 13:50:02.007] [INFO ] [     its-scheduled-task-pool-4] OneMinuteJobSchedule :: ..end. its-scheduled-task-pool-4
[2021-04-09 13:51:02.003] [INFO ] [     its-scheduled-task-pool-4] OneMinuteJobSchedule :: start. its-scheduled-task-pool-4
[2021-04-09 13:51:02.004] [INFO ] [     its-scheduled-task-pool-4] OneMinuteJobSchedule :: ..end. its-scheduled-task-pool-4
[2021-04-09 13:52:02.002] [INFO ] [     its-scheduled-task-pool-4] OneMinuteJobSchedule :: start. its-scheduled-task-pool-4
[2021-04-09 13:52:02.003] [INFO ] [     its-scheduled-task-pool-4] OneMinuteJobSchedule :: ..end. its-scheduled-task-pool-4
[2021-04-09 13:53:02.015] [INFO ] [     its-scheduled-task-pool-4] OneMinuteJobSchedule :: start. its-scheduled-task-pool-4
[2021-04-09 13:53:02.016] [INFO ] [     its-scheduled-task-pool-4] OneMinuteJobSchedule :: ..end. its-scheduled-task-pool-4
[2021-04-09 13:54:02.011] [INFO ] [     its-scheduled-task-pool-4] OneMinuteJobSchedule :: start. its-scheduled-task-pool-4
[2021-04-09 13:54:02.012] [INFO ] [     its-scheduled-task-pool-4] OneMinuteJobSchedule :: ..end. its-scheduled-task-pool-4
[2021-04-09 13:55:02.002] [INFO ] [     its-scheduled-task-pool-4] OneMinuteJobSchedule :: start. its-scheduled-task-pool-4
[2021-04-09 13:55:02.003] [INFO ] [     its-scheduled-task-pool-4] OneMinuteJobSchedule :: ..end. its-scheduled-task-pool-4
[2021-04-09 13:56:02.014] [INFO ] [     its-scheduled-task-pool-4] OneMinuteJobSchedule :: start. its-scheduled-task-pool-4
[2021-04-09 13:56:02.015] [INFO ] [     its-scheduled-task-pool-4] OneMinuteJobSchedule :: ..end. its-scheduled-task-pool-4
[2021-04-09 13:57:02.004] [INFO ] [     its-scheduled-task-pool-4] OneMinuteJobSchedule :: start. its-scheduled-task-pool-4
[2021-04-09 13:57:02.005] [INFO ] [     its-scheduled-task-pool-4] OneMinuteJobSchedule :: ..end. its-scheduled-task-pool-4
[2021-04-09 13:58:02.010] [INFO ] [     its-scheduled-task-pool-4] OneMinuteJobSchedule :: start. its-scheduled-task-pool-4
[2021-04-09 13:58:02.011] [INFO ] [     its-scheduled-task-pool-4] OneMinuteJobSchedule :: ..end. its-scheduled-task-pool-4
[2021-04-09 13:59:02.004] [INFO ] [     its-scheduled-task-pool-4] OneMinuteJobSchedule :: start. its-scheduled-task-pool-4
[2021-04-09 13:59:02.005] [INFO ] [     its-scheduled-task-pool-4] OneMinuteJobSchedule :: ..end. its-scheduled-task-pool-4
[2021-04-09 14:00:02.007] [INFO ] [     its-scheduled-task-pool-4] OneMinuteJobSchedule :: start. its-scheduled-task-pool-4
[2021-04-09 14:00:02.008] [INFO ] [     its-scheduled-task-pool-4] OneMinuteJobSchedule :: ..end. its-scheduled-task-pool-4
[2021-04-09 14:01:02.006] [INFO ] [     its-scheduled-task-pool-4] OneMinuteJobSchedule :: start. its-scheduled-task-pool-4
[2021-04-09 14:01:02.007] [INFO ] [     its-scheduled-task-pool-4] OneMinuteJobSchedule :: ..end. its-scheduled-task-pool-4
[2021-04-09 14:02:02.009] [INFO ] [     its-scheduled-task-pool-4] OneMinuteJobSchedule :: start. its-scheduled-task-pool-4
[2021-04-09 14:02:02.010] [INFO ] [     its-scheduled-task-pool-4] OneMinuteJobSchedule :: ..end. its-scheduled-task-pool-4
[2021-04-09 14:03:02.008] [INFO ] [     its-scheduled-task-pool-4] OneMinuteJobSchedule :: start. its-scheduled-task-pool-4
[2021-04-09 14:03:02.009] [INFO ] [     its-scheduled-task-pool-4] OneMinuteJobSchedule :: ..end. its-scheduled-task-pool-4
[2021-04-09 14:04:02.001] [INFO ] [     its-scheduled-task-pool-4] OneMinuteJobSchedule :: start. its-scheduled-task-pool-4
[2021-04-09 14:04:02.002] [INFO ] [     its-scheduled-task-pool-4] OneMinuteJobSchedule :: ..end. its-scheduled-task-pool-4
[2021-04-09 14:05:02.002] [INFO ] [     its-scheduled-task-pool-4] OneMinuteJobSchedule :: start. its-scheduled-task-pool-4
[2021-04-09 14:05:02.003] [INFO ] [     its-scheduled-task-pool-4] OneMinuteJobSchedule :: ..end. its-scheduled-task-pool-4
[2021-04-09 14:06:02.005] [INFO ] [     its-scheduled-task-pool-4] OneMinuteJobSchedule :: start. its-scheduled-task-pool-4
[2021-04-09 14:06:02.006] [INFO ] [     its-scheduled-task-pool-4] OneMinuteJobSchedule :: ..end. its-scheduled-task-pool-4
[2021-04-09 14:07:02.008] [INFO ] [     its-scheduled-task-pool-4] OneMinuteJobSchedule :: start. its-scheduled-task-pool-4
[2021-04-09 14:07:02.009] [INFO ] [     its-scheduled-task-pool-4] OneMinuteJobSchedule :: ..end. its-scheduled-task-pool-4
[2021-04-09 14:08:02.004] [INFO ] [     its-scheduled-task-pool-4] OneMinuteJobSchedule :: start. its-scheduled-task-pool-4
[2021-04-09 14:08:02.005] [INFO ] [     its-scheduled-task-pool-4] OneMinuteJobSchedule :: ..end. its-scheduled-task-pool-4
[2021-04-09 14:09:02.014] [INFO ] [     its-scheduled-task-pool-4] OneMinuteJobSchedule :: start. its-scheduled-task-pool-4
[2021-04-09 14:09:02.015] [INFO ] [     its-scheduled-task-pool-4] OneMinuteJobSchedule :: ..end. its-scheduled-task-pool-4
[2021-04-09 14:10:02.005] [INFO ] [     its-scheduled-task-pool-4] OneMinuteJobSchedule :: start. its-scheduled-task-pool-4
[2021-04-09 14:10:02.006] [INFO ] [     its-scheduled-task-pool-4] OneMinuteJobSchedule :: ..end. its-scheduled-task-pool-4
[2021-04-09 14:11:02.001] [INFO ] [     its-scheduled-task-pool-4] OneMinuteJobSchedule :: start. its-scheduled-task-pool-4
[2021-04-09 14:11:02.002] [INFO ] [     its-scheduled-task-pool-4] OneMinuteJobSchedule :: ..end. its-scheduled-task-pool-4
[2021-04-09 14:12:02.004] [INFO ] [     its-scheduled-task-pool-4] OneMinuteJobSchedule :: start. its-scheduled-task-pool-4
[2021-04-09 14:12:02.005] [INFO ] [     its-scheduled-task-pool-4] OneMinuteJobSchedule :: ..end. its-scheduled-task-pool-4
[2021-04-09 14:13:02.015] [INFO ] [     its-scheduled-task-pool-4] OneMinuteJobSchedule :: start. its-scheduled-task-pool-4
[2021-04-09 14:13:02.016] [INFO ] [     its-scheduled-task-pool-4] OneMinuteJobSchedule :: ..end. its-scheduled-task-pool-4
[2021-04-09 14:14:02.011] [INFO ] [     its-scheduled-task-pool-4] OneMinuteJobSchedule :: start. its-scheduled-task-pool-4
[2021-04-09 14:14:02.012] [INFO ] [     its-scheduled-task-pool-4] OneMinuteJobSchedule :: ..end. its-scheduled-task-pool-4
[2021-04-09 14:15:02.005] [INFO ] [     its-scheduled-task-pool-4] OneMinuteJobSchedule :: start. its-scheduled-task-pool-4
[2021-04-09 14:15:02.006] [INFO ] [     its-scheduled-task-pool-4] OneMinuteJobSchedule :: ..end. its-scheduled-task-pool-4
[2021-04-09 14:16:02.004] [INFO ] [     its-scheduled-task-pool-4] OneMinuteJobSchedule :: start. its-scheduled-task-pool-4
[2021-04-09 14:16:02.005] [INFO ] [     its-scheduled-task-pool-4] OneMinuteJobSchedule :: ..end. its-scheduled-task-pool-4
[2021-04-09 14:17:02.001] [INFO ] [     its-scheduled-task-pool-4] OneMinuteJobSchedule :: start. its-scheduled-task-pool-4
[2021-04-09 14:17:02.002] [INFO ] [     its-scheduled-task-pool-4] OneMinuteJobSchedule :: ..end. its-scheduled-task-pool-4
[2021-04-09 14:18:02.011] [INFO ] [     its-scheduled-task-pool-4] OneMinuteJobSchedule :: start. its-scheduled-task-pool-4
[2021-04-09 14:18:02.012] [INFO ] [     its-scheduled-task-pool-4] OneMinuteJobSchedule :: ..end. its-scheduled-task-pool-4
[2021-04-09 14:19:02.008] [INFO ] [     its-scheduled-task-pool-4] OneMinuteJobSchedule :: start. its-scheduled-task-pool-4
[2021-04-09 14:19:02.009] [INFO ] [     its-scheduled-task-pool-4] OneMinuteJobSchedule :: ..end. its-scheduled-task-pool-4
[2021-04-09 14:20:02.009] [INFO ] [     its-scheduled-task-pool-4] OneMinuteJobSchedule :: start. its-scheduled-task-pool-4
[2021-04-09 14:20:02.010] [INFO ] [     its-scheduled-task-pool-4] OneMinuteJobSchedule :: ..end. its-scheduled-task-pool-4
[2021-04-09 14:21:02.007] [INFO ] [     its-scheduled-task-pool-4] OneMinuteJobSchedule :: start. its-scheduled-task-pool-4
[2021-04-09 14:21:02.008] [INFO ] [     its-scheduled-task-pool-4] OneMinuteJobSchedule :: ..end. its-scheduled-task-pool-4
[2021-04-09 14:22:02.011] [INFO ] [     its-scheduled-task-pool-4] OneMinuteJobSchedule :: start. its-scheduled-task-pool-4
[2021-04-09 14:22:02.012] [INFO ] [     its-scheduled-task-pool-4] OneMinuteJobSchedule :: ..end. its-scheduled-task-pool-4
[2021-04-09 14:23:02.009] [INFO ] [     its-scheduled-task-pool-4] OneMinuteJobSchedule :: start. its-scheduled-task-pool-4
[2021-04-09 14:23:02.010] [INFO ] [     its-scheduled-task-pool-4] OneMinuteJobSchedule :: ..end. its-scheduled-task-pool-4
[2021-04-09 14:24:02.011] [INFO ] [     its-scheduled-task-pool-4] OneMinuteJobSchedule :: start. its-scheduled-task-pool-4
[2021-04-09 14:24:02.012] [INFO ] [     its-scheduled-task-pool-4] OneMinuteJobSchedule :: ..end. its-scheduled-task-pool-4
[2021-04-09 14:25:02.011] [INFO ] [     its-scheduled-task-pool-4] OneMinuteJobSchedule :: start. its-scheduled-task-pool-4
[2021-04-09 14:25:02.012] [INFO ] [     its-scheduled-task-pool-4] OneMinuteJobSchedule :: ..end. its-scheduled-task-pool-4
[2021-04-09 14:26:02.004] [INFO ] [     its-scheduled-task-pool-4] OneMinuteJobSchedule :: start. its-scheduled-task-pool-4
[2021-04-09 14:26:02.005] [INFO ] [     its-scheduled-task-pool-4] OneMinuteJobSchedule :: ..end. its-scheduled-task-pool-4
[2021-04-09 14:27:02.002] [INFO ] [     its-scheduled-task-pool-4] OneMinuteJobSchedule :: start. its-scheduled-task-pool-4
[2021-04-09 14:27:02.003] [INFO ] [     its-scheduled-task-pool-4] OneMinuteJobSchedule :: ..end. its-scheduled-task-pool-4
[2021-04-09 14:28:02.012] [INFO ] [     its-scheduled-task-pool-4] OneMinuteJobSchedule :: start. its-scheduled-task-pool-4
[2021-04-09 14:28:02.013] [INFO ] [     its-scheduled-task-pool-4] OneMinuteJobSchedule :: ..end. its-scheduled-task-pool-4
[2021-04-09 14:29:02.012] [INFO ] [     its-scheduled-task-pool-4] OneMinuteJobSchedule :: start. its-scheduled-task-pool-4
[2021-04-09 14:29:02.013] [INFO ] [     its-scheduled-task-pool-4] OneMinuteJobSchedule :: ..end. its-scheduled-task-pool-4
[2021-04-09 14:30:02.011] [INFO ] [     its-scheduled-task-pool-4] OneMinuteJobSchedule :: start. its-scheduled-task-pool-4
[2021-04-09 14:30:02.012] [INFO ] [     its-scheduled-task-pool-4] OneMinuteJobSchedule :: ..end. its-scheduled-task-pool-4
[2021-04-09 15:00:24.445] [INFO ] [                 restartedMain] configureTasks-start.
[2021-04-09 15:00:24.447] [INFO ] [                 restartedMain] configureTasks-end...
[2021-04-09 15:01:02.022] [INFO ] [     its-scheduled-task-pool-1] OneMinuteJobSchedule :: start. its-scheduled-task-pool-1
[2021-04-09 15:01:02.024] [INFO ] [     its-scheduled-task-pool-1] OneMinuteJobSchedule :: ..end. its-scheduled-task-pool-1
[2021-04-09 15:02:02.003] [INFO ] [     its-scheduled-task-pool-1] OneMinuteJobSchedule :: start. its-scheduled-task-pool-1
[2021-04-09 15:02:02.008] [INFO ] [     its-scheduled-task-pool-1] OneMinuteJobSchedule :: ..end. its-scheduled-task-pool-1
[2021-04-09 15:03:02.001] [INFO ] [     its-scheduled-task-pool-2] OneMinuteJobSchedule :: start. its-scheduled-task-pool-2
[2021-04-09 15:03:02.002] [INFO ] [     its-scheduled-task-pool-2] OneMinuteJobSchedule :: ..end. its-scheduled-task-pool-2
[2021-04-09 15:04:02.014] [INFO ] [     its-scheduled-task-pool-1] OneMinuteJobSchedule :: start. its-scheduled-task-pool-1
[2021-04-09 15:04:02.015] [INFO ] [     its-scheduled-task-pool-1] OneMinuteJobSchedule :: ..end. its-scheduled-task-pool-1
[2021-04-09 15:05:02.001] [INFO ] [     its-scheduled-task-pool-3] OneMinuteJobSchedule :: start. its-scheduled-task-pool-3
[2021-04-09 15:05:02.002] [INFO ] [     its-scheduled-task-pool-3] OneMinuteJobSchedule :: ..end. its-scheduled-task-pool-3
[2021-04-09 15:06:02.002] [INFO ] [     its-scheduled-task-pool-3] OneMinuteJobSchedule :: start. its-scheduled-task-pool-3
[2021-04-09 15:06:02.003] [INFO ] [     its-scheduled-task-pool-3] OneMinuteJobSchedule :: ..end. its-scheduled-task-pool-3
[2021-04-09 15:06:46.714] [INFO ] [                     Thread-38] onShutDown updateUnitSyst
[2021-04-09 15:06:55.301] [INFO ] [                 restartedMain] configureTasks-start.
[2021-04-09 15:06:55.303] [INFO ] [                 restartedMain] configureTasks-end...
[2021-04-09 15:07:02.001] [INFO ] [     its-scheduled-task-pool-1] OneMinuteJobSchedule :: start. its-scheduled-task-pool-1
[2021-04-09 15:07:02.004] [INFO ] [     its-scheduled-task-pool-1] OneMinuteJobSchedule :: ..end. its-scheduled-task-pool-1
[2021-04-09 15:08:02.015] [INFO ] [     its-scheduled-task-pool-1] OneMinuteJobSchedule :: start. its-scheduled-task-pool-1
[2021-04-09 15:08:02.016] [INFO ] [     its-scheduled-task-pool-1] OneMinuteJobSchedule :: ..end. its-scheduled-task-pool-1
[2021-04-09 15:09:02.013] [INFO ] [     its-scheduled-task-pool-2] OneMinuteJobSchedule :: start. its-scheduled-task-pool-2
[2021-04-09 15:09:02.014] [INFO ] [     its-scheduled-task-pool-2] OneMinuteJobSchedule :: ..end. its-scheduled-task-pool-2
[2021-04-09 15:10:02.015] [INFO ] [     its-scheduled-task-pool-1] OneMinuteJobSchedule :: start. its-scheduled-task-pool-1
[2021-04-09 15:10:02.016] [INFO ] [     its-scheduled-task-pool-1] OneMinuteJobSchedule :: ..end. its-scheduled-task-pool-1
[2021-04-09 15:11:02.012] [INFO ] [     its-scheduled-task-pool-3] OneMinuteJobSchedule :: start. its-scheduled-task-pool-3
[2021-04-09 15:11:02.013] [INFO ] [     its-scheduled-task-pool-3] OneMinuteJobSchedule :: ..end. its-scheduled-task-pool-3
[2021-04-09 15:12:02.007] [INFO ] [     its-scheduled-task-pool-3] OneMinuteJobSchedule :: start. its-scheduled-task-pool-3
[2021-04-09 15:12:02.008] [INFO ] [     its-scheduled-task-pool-3] OneMinuteJobSchedule :: ..end. its-scheduled-task-pool-3
[2021-04-09 15:13:02.011] [INFO ] [     its-scheduled-task-pool-3] OneMinuteJobSchedule :: start. its-scheduled-task-pool-3
[2021-04-09 15:13:02.012] [INFO ] [     its-scheduled-task-pool-3] OneMinuteJobSchedule :: ..end. its-scheduled-task-pool-3
[2021-04-09 15:14:02.015] [INFO ] [     its-scheduled-task-pool-3] OneMinuteJobSchedule :: start. its-scheduled-task-pool-3
[2021-04-09 15:14:02.016] [INFO ] [     its-scheduled-task-pool-3] OneMinuteJobSchedule :: ..end. its-scheduled-task-pool-3
